23:05:01 **** Incremental Build of configuration Debug for project Challenge_Measure_Signal_Freq ****
make all 
Building file: ../gpio.c
Invoking: AVR Compiler
avr-gcc -Wall -g2 -gstabs -O0 -fpack-struct -fshort-enums -ffunction-sections -fdata-sections -std=gnu99 -funsigned-char -funsigned-bitfields -mmcu=atmega16 -DF_CPU=1000000UL -MMD -MP -MF"gpio.d" -MT"gpio.o" -c -o "gpio.o" "../gpio.c"
Finished building: ../gpio.c
 
Building file: ../icu.c
Invoking: AVR Compiler
avr-gcc -Wall -g2 -gstabs -O0 -fpack-struct -fshort-enums -ffunction-sections -fdata-sections -std=gnu99 -funsigned-char -funsigned-bitfields -mmcu=atmega16 -DF_CPU=1000000UL -MMD -MP -MF"icu.d" -MT"icu.o" -c -o "icu.o" "../icu.c"
../icu.c: In function 'Icu_setCallBack':
../icu.c:82: warning: function return types not compatible due to 'volatile'
Finished building: ../icu.c
 
Building file: ../lcd.c
Invoking: AVR Compiler
avr-gcc -Wall -g2 -gstabs -O0 -fpack-struct -fshort-enums -ffunction-sections -fdata-sections -std=gnu99 -funsigned-char -funsigned-bitfields -mmcu=atmega16 -DF_CPU=1000000UL -MMD -MP -MF"lcd.d" -MT"lcd.o" -c -o "lcd.o" "../lcd.c"
In file included from ../lcd.c:13:
c:/winavr-20100110/lib/gcc/../../avr/include/util/delay.h:90:3: warning: #warning "Compiler optimizations disabled; functions from <util/delay.h> won't work as designed"
../lcd.c: In function 'LCD_intgerToString':
../lcd.c:145: warning: implicit declaration of function 'itoa'
Finished building: ../lcd.c
 
Building file: ../measure_freq.c
Invoking: AVR Compiler
avr-gcc -Wall -g2 -gstabs -O0 -fpack-struct -fshort-enums -ffunction-sections -fdata-sections -std=gnu99 -funsigned-char -funsigned-bitfields -mmcu=atmega16 -DF_CPU=1000000UL -MMD -MP -MF"measure_freq.d" -MT"measure_freq.o" -c -o "measure_freq.o" "../measure_freq.c"
Finished building: ../measure_freq.c
 
Building target: Challenge_Measure_Signal_Freq.elf
Invoking: AVR C Linker
avr-gcc -Wl,-Map,Challenge_Measure_Signal_Freq.map -mmcu=atmega16 -o "Challenge_Measure_Signal_Freq.elf"  ./gpio.o ./icu.o ./lcd.o ./measure_freq.o   
Finished building target: Challenge_Measure_Signal_Freq.elf
 
Invoking: AVR Create Extended Listing
avr-objdump -h -S Challenge_Measure_Signal_Freq.elf  >"Challenge_Measure_Signal_Freq.lss"
Finished building: Challenge_Measure_Signal_Freq.lss
 
Invoking: Print Size
avr-size --format=avr --mcu=atmega16 Challenge_Measure_Signal_Freq.elf
AVR Memory Usage
----------------
Device: atmega16

Program:    8104 bytes (49.5% Full)
(.text + .data + .bootloader)

Data:         29 bytes (2.8% Full)
(.data + .bss + .noinit)


Finished building: sizedummy
 

23:05:03 Build Finished. 0 errors, 3 warnings. (took 1s.529ms)

