18:54:58 **** Build of configuration Debug for project Challenge_MC2 ****
make all 
Building file: ../MC2.c
Invoking: AVR Compiler
avr-gcc -Wall -g2 -gstabs -O0 -fpack-struct -fshort-enums -ffunction-sections -fdata-sections -std=gnu99 -funsigned-char -funsigned-bitfields -mmcu=atmega16 -DF_CPU=1000000UL -MMD -MP -MF"MC2.d" -MT"MC2.o" -c -o "MC2.o" "../MC2.c"
Finished building: ../MC2.c
 
Building file: ../gpio.c
Invoking: AVR Compiler
avr-gcc -Wall -g2 -gstabs -O0 -fpack-struct -fshort-enums -ffunction-sections -fdata-sections -std=gnu99 -funsigned-char -funsigned-bitfields -mmcu=atmega16 -DF_CPU=1000000UL -MMD -MP -MF"gpio.d" -MT"gpio.o" -c -o "gpio.o" "../gpio.c"
Finished building: ../gpio.c
 
Building file: ../lcd.c
Invoking: AVR Compiler
avr-gcc -Wall -g2 -gstabs -O0 -fpack-struct -fshort-enums -ffunction-sections -fdata-sections -std=gnu99 -funsigned-char -funsigned-bitfields -mmcu=atmega16 -DF_CPU=1000000UL -MMD -MP -MF"lcd.d" -MT"lcd.o" -c -o "lcd.o" "../lcd.c"
In file included from ../lcd.c:13:
c:/winavr-20100110/lib/gcc/../../avr/include/util/delay.h:90:3: warning: #warning "Compiler optimizations disabled; functions from <util/delay.h> won't work as designed"
../lcd.c: In function 'LCD_intgerToString':
../lcd.c:144: warning: implicit declaration of function 'itoa'
Finished building: ../lcd.c
 
Building file: ../uart.c
Invoking: AVR Compiler
avr-gcc -Wall -g2 -gstabs -O0 -fpack-struct -fshort-enums -ffunction-sections -fdata-sections -std=gnu99 -funsigned-char -funsigned-bitfields -mmcu=atmega16 -DF_CPU=1000000UL -MMD -MP -MF"uart.d" -MT"uart.o" -c -o "uart.o" "../uart.c"
Finished building: ../uart.c
 
Building target: Challenge_MC2.elf
Invoking: AVR C Linker
avr-gcc -Wl,-Map,Challenge_MC2.map -mmcu=atmega16 -o "Challenge_MC2.elf"  ./MC2.o ./gpio.o ./lcd.o ./uart.o   
Finished building target: Challenge_MC2.elf
 
Invoking: AVR Create Extended Listing
avr-objdump -h -S Challenge_MC2.elf  >"Challenge_MC2.lss"
Finished building: Challenge_MC2.lss
 
Invoking: Print Size
avr-size --format=avr --mcu=atmega16 Challenge_MC2.elf
AVR Memory Usage
----------------
Device: atmega16

Program:    7950 bytes (48.5% Full)
(.text + .data + .bootloader)

Data:         16 bytes (1.6% Full)
(.data + .bss + .noinit)


Finished building: sizedummy
 

18:54:59 Build Finished. 0 errors, 2 warnings. (took 1s.435ms)

