23:05:04 **** Build of configuration Debug for project Exercise1_Measure_Duty_Cycle ****
make all 
Building file: ../gpio.c
Invoking: AVR Compiler
avr-gcc -Wall -g2 -gstabs -O0 -fpack-struct -fshort-enums -ffunction-sections -fdata-sections -std=gnu99 -funsigned-char -funsigned-bitfields -mmcu=atmega16 -DF_CPU=1000000UL -MMD -MP -MF"gpio.d" -MT"gpio.o" -c -o "gpio.o" "../gpio.c"
Finished building: ../gpio.c
 
Building file: ../icu.c
Invoking: AVR Compiler
avr-gcc -Wall -g2 -gstabs -O0 -fpack-struct -fshort-enums -ffunction-sections -fdata-sections -std=gnu99 -funsigned-char -funsigned-bitfields -mmcu=atmega16 -DF_CPU=1000000UL -MMD -MP -MF"icu.d" -MT"icu.o" -c -o "icu.o" "../icu.c"
../icu.c: In function 'Icu_setCallBack':
../icu.c:83: warning: function return types not compatible due to 'volatile'
Finished building: ../icu.c
 
Building file: ../lcd.c
Invoking: AVR Compiler
avr-gcc -Wall -g2 -gstabs -O0 -fpack-struct -fshort-enums -ffunction-sections -fdata-sections -std=gnu99 -funsigned-char -funsigned-bitfields -mmcu=atmega16 -DF_CPU=1000000UL -MMD -MP -MF"lcd.d" -MT"lcd.o" -c -o "lcd.o" "../lcd.c"
In file included from ../lcd.c:13:
c:/winavr-20100110/lib/gcc/../../avr/include/util/delay.h:90:3: warning: #warning "Compiler optimizations disabled; functions from <util/delay.h> won't work as designed"
../lcd.c: In function 'LCD_intgerToString':
../lcd.c:145: warning: implicit declaration of function 'itoa'
Finished building: ../lcd.c
 
Building file: ../measure_duty_cycle.c
Invoking: AVR Compiler
avr-gcc -Wall -g2 -gstabs -O0 -fpack-struct -fshort-enums -ffunction-sections -fdata-sections -std=gnu99 -funsigned-char -funsigned-bitfields -mmcu=atmega16 -DF_CPU=1000000UL -MMD -MP -MF"measure_duty_cycle.d" -MT"measure_duty_cycle.o" -c -o "measure_duty_cycle.o" "../measure_duty_cycle.c"
Finished building: ../measure_duty_cycle.c
 
Building target: Exercise1_Measure_Duty_Cycle.elf
Invoking: AVR C Linker
avr-gcc -Wl,-Map,Exercise1_Measure_Duty_Cycle.map -mmcu=atmega16 -o "Exercise1_Measure_Duty_Cycle.elf"  ./gpio.o ./icu.o ./lcd.o ./measure_duty_cycle.o   
Finished building target: Exercise1_Measure_Duty_Cycle.elf
 
Invoking: AVR Create Extended Listing
avr-objdump -h -S Exercise1_Measure_Duty_Cycle.elf  >"Exercise1_Measure_Duty_Cycle.lss"
Finished building: Exercise1_Measure_Duty_Cycle.lss
 
Invoking: Print Size
avr-size --format=avr --mcu=atmega16 Exercise1_Measure_Duty_Cycle.elf
AVR Memory Usage
----------------
Device: atmega16

Program:    9062 bytes (55.3% Full)
(.text + .data + .bootloader)

Data:        281 bytes (27.4% Full)
(.data + .bss + .noinit)


Finished building: sizedummy
 

23:05:05 Build Finished. 0 errors, 3 warnings. (took 1s.656ms)

